<?xml version="1.0" encoding="UTF-8"?>
<!-- Generated by org.testng.reporters.JUnitXMLReporter -->
<testsuite ignored="0" hostname="Sai" failures="2" tests="3" name="mastertest" time="23.609" errors="0" timestamp="2024-08-17T01:53:41 IST">
  <testcase classname="testbase.TC001registerpage" name="verifyaccount_register" time="3.157"/>
  <testcase classname="testbase.TC002Loginpage" name="verify_login" time="12.029">
    <failure type="java.lang.AssertionError" message="login failed expected [true] but found [false]">
      <![CDATA[java.lang.AssertionError: login failed expected [true] but found [false]
at testbase.TC002Loginpage.verify_login(TC002Loginpage.java:37)
at java.base/java.util.ArrayList.forEach(ArrayList.java:1596)
... Removed 30 stack frames]]>
    </failure>
  </testcase> <!-- verify_login -->
  <testcase classname="testbase.TC002Loginpage" name="verify_login" time="12.045">
    <failure type="java.lang.NullPointerException" message="Cannot invoke &amp;quot;org.openqa.selenium.TakesScreenshot.getScreenshotAs(org.openqa.selenium.OutputType)&amp;quot; because &amp;quot;takesScreenshot&amp;quot; is null">
      <![CDATA[java.lang.NullPointerException: Cannot invoke "org.openqa.selenium.TakesScreenshot.getScreenshotAs(org.openqa.selenium.OutputType)" because "takesScreenshot" is null
at testbase.basepage.captureScreen(basepage.java:89)
at untilize.ExtentReportManager.onTestFailure(ExtentReportManager.java:87)
at java.base/java.util.ArrayList.forEach(ArrayList.java:1596)
... Removed 24 stack frames]]>
    </failure>
  </testcase> <!-- verify_login -->
</testsuite> <!-- mastertest -->
